Compiling build :app to "target/cljsbuild/public/js/app.js" from ["src/cljs" "src/cljc" "env/dev/cljs"]...
[31mFailed to compile build :app from ["src/cljs" "src/cljc" "env/dev/cljs"] in 0.677 seconds.[0m
[36m----  Could not Read  src/cljs/dbnd/core.cljs   line:91 ----[0m

  [1m/Users/trentmerkins/Documents/DatabasesFall19/dndb/src/cljs/dbnd/core.cljs [line 91, col 102] Unmatched delimiter ].[0m

  [36m89[0m  [36m       [:footer[0m
  [36m90[0m  [36m        [:p "dbnd was generated by the "[0m
  [33m91[0m  [1m         [:a {:href "https://github.com/reagent-project/reagent-template"} "Reagent Template"] "."]]])))[0m
  [0m  [0m  [33m         /Users/trentmerkins/Documents/DatabasesFall19/dndb/src/cljs/dbnd/core.cljs [line 91, col 102] Unmatched delimiter ].[0m
  [36m92[0m  [36m[0m
  [36m93[0m  [36m;; -------------------------[0m
  [36m94[0m  [36m;; Initialize app[0m

[36m----  Reader Error : Please see src/cljs/dbnd/core.cljs  ----[0m
Compiling build :app to "target/cljsbuild/public/js/app.js" from ["src/cljs" "src/cljc" "env/dev/cljs"]...
[32mSuccessfully compiled build :app to "target/cljsbuild/public/js/app.js" in 1.119 seconds.[0m
notifying browser that file changed:  target/cljsbuild/public/js/out/goog/deps.js
notifying browser that file changed:  target/cljsbuild/public/js/out/cljs_deps.js
notifying browser that file changed:  target/cljsbuild/public/js/out/dbnd/core.js
Compiling build :app to "target/cljsbuild/public/js/app.js" from ["src/cljs" "src/cljc" "env/dev/cljs"]...
[32mSuccessfully compiled build :app to "target/cljsbuild/public/js/app.js" in 1.106 seconds.[0m
notifying browser that file changed:  target/cljsbuild/public/js/out/dbnd/core.js
Compiling build :app to "target/cljsbuild/public/js/app.js" from ["src/cljs" "src/cljc" "env/dev/cljs"]...
[32mSuccessfully compiled build :app to "target/cljsbuild/public/js/app.js" in 1.156 seconds.[0m
notifying browser that file changed:  target/cljsbuild/public/js/out/dbnd/core.js
Compiling build :app to "target/cljsbuild/public/js/app.js" from ["src/cljs" "src/cljc" "env/dev/cljs"]...
[32mSuccessfully compiled build :app to "target/cljsbuild/public/js/app.js" in 1.425 seconds.[0m
notifying browser that file changed:  target/cljsbuild/public/js/out/dbnd/core.js
Compiling build :app to "target/cljsbuild/public/js/app.js" from ["src/cljs" "src/cljc" "env/dev/cljs"]...
[32mSuccessfully compiled build :app to "target/cljsbuild/public/js/app.js" in 1.013 seconds.[0m
notifying browser that file changed:  target/cljsbuild/public/js/out/dbnd/core.js
Compiling build :app to "target/cljsbuild/public/js/app.js" from ["src/cljs" "src/cljc" "env/dev/cljs"]...
[32mSuccessfully compiled build :app to "target/cljsbuild/public/js/app.js" in 0.658 seconds.[0m
notifying browser that file changed:  target/cljsbuild/public/js/out/dbnd/core.js
Compiling build :app to "target/cljsbuild/public/js/app.js" from ["src/cljs" "src/cljc" "env/dev/cljs"]...
[32mSuccessfully compiled build :app to "target/cljsbuild/public/js/app.js" in 1.323 seconds.[0m
notifying browser that file changed:  target/cljsbuild/public/js/out/dbnd/core.js
Compiling build :app to "target/cljsbuild/public/js/app.js" from ["src/cljs" "src/cljc" "env/dev/cljs"]...
[32mSuccessfully compiled build :app to "target/cljsbuild/public/js/app.js" in 0.898 seconds.[0m
notifying browser that file changed:  target/cljsbuild/public/js/out/dbnd/core.js
Compiling build :app to "target/cljsbuild/public/js/app.js" from ["src/cljs" "src/cljc" "env/dev/cljs"]...
[32mSuccessfully compiled build :app to "target/cljsbuild/public/js/app.js" in 0.871 seconds.[0m
notifying browser that file changed:  target/cljsbuild/public/js/out/dbnd/core.js
